\BOOKMARK [0][-]{chapter.1}{Organization of this work}{}% 1
\BOOKMARK [1][-]{section.1.1}{Introduction}{chapter.1}% 2
\BOOKMARK [1][-]{section.1.2}{How do I read this?}{chapter.1}% 3
\BOOKMARK [0][-]{chapter.2}{Gaussian Process regression}{}% 4
\BOOKMARK [1][-]{section.2.1}{A weight space view for Gaussian Processes}{chapter.2}% 5
\BOOKMARK [2][-]{subsection.2.1.1}{Standard Bayesian linear regression}{section.2.1}% 6
\BOOKMARK [2][-]{subsection.2.1.2}{Kernel functions in feature space}{section.2.1}% 7
\BOOKMARK [1][-]{section.2.2}{A function space view for Gaussian Processes}{chapter.2}% 8
\BOOKMARK [1][-]{section.2.3}{Prediction using a Gaussian Process prior}{chapter.2}% 9
\BOOKMARK [2][-]{subsection.2.3.1}{A toy example of Gaussian Process regression}{section.2.3}% 10
\BOOKMARK [2][-]{subsection.2.3.2}{Picking a winner}{section.2.3}% 11
\BOOKMARK [1][-]{section.2.4}{On covariance functions}{chapter.2}% 12
\BOOKMARK [2][-]{subsection.2.4.1}{A zoo of covariance functions}{section.2.4}% 13
\BOOKMARK [1][-]{section.2.5}{Hyperparameter optimization}{chapter.2}% 14
\BOOKMARK [2][-]{subsection.2.5.1}{Type II Maximum Likelihood}{section.2.5}% 15
\BOOKMARK [2][-]{subsection.2.5.2}{Cross validation}{section.2.5}% 16
\BOOKMARK [0][-]{chapter.3}{Bayesian optimization}{}% 17
\BOOKMARK [1][-]{section.3.1}{Preliminaries}{chapter.3}% 18
\BOOKMARK [1][-]{section.3.2}{The bayesian optimization framework}{chapter.3}% 19
\BOOKMARK [1][-]{section.3.3}{On acquisition functions}{chapter.3}% 20
\BOOKMARK [2][-]{subsection.3.3.1}{Improvement-based policies}{section.3.3}% 21
\BOOKMARK [2][-]{subsection.3.3.2}{Optimistic policies}{section.3.3}% 22
\BOOKMARK [2][-]{subsection.3.3.3}{Information-based policies}{section.3.3}% 23
\BOOKMARK [2][-]{subsection.3.3.4}{Acquisition function portfolios}{section.3.3}% 24
\BOOKMARK [2][-]{subsection.3.3.5}{Visualizing the behaviour of an acquisition function}{section.3.3}% 25
\BOOKMARK [2][-]{subsection.3.3.6}{Why does Bayesian Optimization work?}{section.3.3}% 26
\BOOKMARK [1][-]{section.3.4}{Role of GP hyperparameters in optimization}{chapter.3}% 27
\BOOKMARK [1][-]{section.3.5}{Optimizing the acquisition function}{chapter.3}% 28
\BOOKMARK [1][-]{section.3.6}{Step-by-step examples}{chapter.3}% 29
\BOOKMARK [2][-]{subsection.3.6.1}{Optimizing \(yet-again\) the sine function}{section.3.6}% 30
\BOOKMARK [2][-]{subsection.3.6.2}{Optimizing the Rossenbrock function}{section.3.6}% 31
\BOOKMARK [0][-]{chapter.4}{Experiments}{}% 32
\BOOKMARK [0][-]{chapter.5}{pyGPGO: A simple Python Package for Bayesian Optimization}{}% 33
