This is pdfTeX, Version 3.14159265-2.6-1.40.17 (TeX Live 2016) (preloaded format=pdflatex 2016.6.29)  21 MAR 2017 16:07
entering extended mode
 \write18 enabled.
 %&-line parsing enabled.
**main.tex
(./main.tex
LaTeX2e <2016/03/31> patch level 2
Babel <3.9r> and hyphenation patterns for 83 language(s) loaded.
(/home/jose/texlive/texmf-dist/tex/latex/base/book.cls
Document Class: book 2014/09/29 v1.4h Standard LaTeX document class
(/home/jose/texlive/texmf-dist/tex/latex/base/bk10.clo
File: bk10.clo 2014/09/29 v1.4h Standard LaTeX file (size option)
)
\c@part=\count79
\c@chapter=\count80
\c@section=\count81
\c@subsection=\count82
\c@subsubsection=\count83
\c@paragraph=\count84
\c@subparagraph=\count85
\c@figure=\count86
\c@table=\count87
\abovecaptionskip=\skip41
\belowcaptionskip=\skip42
\bibindent=\dimen102
)
(/home/jose/texlive/texmf-dist/tex/latex/base/inputenc.sty
Package: inputenc 2015/03/17 v1.2c Input encoding file
\inpenc@prehook=\toks14
\inpenc@posthook=\toks15

(/home/jose/texlive/texmf-dist/tex/latex/base/utf8.def
File: utf8.def 2016/02/28 v1.1s UTF-8 support for inputenc
Now handling font encoding OML ...
... no UTF-8 mapping file for font encoding OML
Now handling font encoding T1 ...
... processing UTF-8 mapping file for font encoding T1

(/home/jose/texlive/texmf-dist/tex/latex/base/t1enc.dfu
File: t1enc.dfu 2016/02/28 v1.1s UTF-8 support for inputenc
   defining Unicode char U+00A0 (decimal 160)
   defining Unicode char U+00A1 (decimal 161)
   defining Unicode char U+00A3 (decimal 163)
   defining Unicode char U+00AB (decimal 171)
   defining Unicode char U+00AD (decimal 173)
   defining Unicode char U+00BB (decimal 187)
   defining Unicode char U+00BF (decimal 191)
   defining Unicode char U+00C0 (decimal 192)
   defining Unicode char U+00C1 (decimal 193)
   defining Unicode char U+00C2 (decimal 194)
   defining Unicode char U+00C3 (decimal 195)
   defining Unicode char U+00C4 (decimal 196)
   defining Unicode char U+00C5 (decimal 197)
   defining Unicode char U+00C6 (decimal 198)
   defining Unicode char U+00C7 (decimal 199)
   defining Unicode char U+00C8 (decimal 200)
   defining Unicode char U+00C9 (decimal 201)
   defining Unicode char U+00CA (decimal 202)
   defining Unicode char U+00CB (decimal 203)
   defining Unicode char U+00CC (decimal 204)
   defining Unicode char U+00CD (decimal 205)
   defining Unicode char U+00CE (decimal 206)
   defining Unicode char U+00CF (decimal 207)
   defining Unicode char U+00D0 (decimal 208)
   defining Unicode char U+00D1 (decimal 209)
   defining Unicode char U+00D2 (decimal 210)
   defining Unicode char U+00D3 (decimal 211)
   defining Unicode char U+00D4 (decimal 212)
   defining Unicode char U+00D5 (decimal 213)
   defining Unicode char U+00D6 (decimal 214)
   defining Unicode char U+00D8 (decimal 216)
   defining Unicode char U+00D9 (decimal 217)
   defining Unicode char U+00DA (decimal 218)
   defining Unicode char U+00DB (decimal 219)
   defining Unicode char U+00DC (decimal 220)
   defining Unicode char U+00DD (decimal 221)
   defining Unicode char U+00DE (decimal 222)
   defining Unicode char U+00DF (decimal 223)
   defining Unicode char U+00E0 (decimal 224)
   defining Unicode char U+00E1 (decimal 225)
   defining Unicode char U+00E2 (decimal 226)
   defining Unicode char U+00E3 (decimal 227)
   defining Unicode char U+00E4 (decimal 228)
   defining Unicode char U+00E5 (decimal 229)
   defining Unicode char U+00E6 (decimal 230)
   defining Unicode char U+00E7 (decimal 231)
   defining Unicode char U+00E8 (decimal 232)
   defining Unicode char U+00E9 (decimal 233)
   defining Unicode char U+00EA (decimal 234)
   defining Unicode char U+00EB (decimal 235)
   defining Unicode char U+00EC (decimal 236)
   defining Unicode char U+00ED (decimal 237)
   defining Unicode char U+00EE (decimal 238)
   defining Unicode char U+00EF (decimal 239)
   defining Unicode char U+00F0 (decimal 240)
   defining Unicode char U+00F1 (decimal 241)
   defining Unicode char U+00F2 (decimal 242)
   defining Unicode char U+00F3 (decimal 243)
   defining Unicode char U+00F4 (decimal 244)
   defining Unicode char U+00F5 (decimal 245)
   defining Unicode char U+00F6 (decimal 246)
   defining Unicode char U+00F8 (decimal 248)
   defining Unicode char U+00F9 (decimal 249)
   defining Unicode char U+00FA (decimal 250)
   defining Unicode char U+00FB (decimal 251)
   defining Unicode char U+00FC (decimal 252)
   defining Unicode char U+00FD (decimal 253)
   defining Unicode char U+00FE (decimal 254)
   defining Unicode char U+00FF (decimal 255)
   defining Unicode char U+0100 (decimal 256)
   defining Unicode char U+0101 (decimal 257)
   defining Unicode char U+0102 (decimal 258)
   defining Unicode char U+0103 (decimal 259)
   defining Unicode char U+0104 (decimal 260)
   defining Unicode char U+0105 (decimal 261)
   defining Unicode char U+0106 (decimal 262)
   defining Unicode char U+0107 (decimal 263)
   defining Unicode char U+0108 (decimal 264)
   defining Unicode char U+0109 (decimal 265)
   defining Unicode char U+010A (decimal 266)
   defining Unicode char U+010B (decimal 267)
   defining Unicode char U+010C (decimal 268)
   defining Unicode char U+010D (decimal 269)
   defining Unicode char U+010E (decimal 270)
   defining Unicode char U+010F (decimal 271)
   defining Unicode char U+0110 (decimal 272)
   defining Unicode char U+0111 (decimal 273)
   defining Unicode char U+0112 (decimal 274)
   defining Unicode char U+0113 (decimal 275)
   defining Unicode char U+0114 (decimal 276)
   defining Unicode char U+0115 (decimal 277)
   defining Unicode char U+0116 (decimal 278)
   defining Unicode char U+0117 (decimal 279)
   defining Unicode char U+0118 (decimal 280)
   defining Unicode char U+0119 (decimal 281)
   defining Unicode char U+011A (decimal 282)
   defining Unicode char U+011B (decimal 283)
   defining Unicode char U+011C (decimal 284)
   defining Unicode char U+011D (decimal 285)
   defining Unicode char U+011E (decimal 286)
   defining Unicode char U+011F (decimal 287)
   defining Unicode char U+0120 (decimal 288)
   defining Unicode char U+0121 (decimal 289)
   defining Unicode char U+0122 (decimal 290)
   defining Unicode char U+0123 (decimal 291)
   defining Unicode char U+0124 (decimal 292)
   defining Unicode char U+0125 (decimal 293)
   defining Unicode char U+0128 (decimal 296)
   defining Unicode char U+0129 (decimal 297)
   defining Unicode char U+012A (decimal 298)
   defining Unicode char U+012B (decimal 299)
   defining Unicode char U+012C (decimal 300)
   defining Unicode char U+012D (decimal 301)
   defining Unicode char U+012E (decimal 302)
   defining Unicode char U+012F (decimal 303)
   defining Unicode char U+0130 (decimal 304)
   defining Unicode char U+0131 (decimal 305)
   defining Unicode char U+0132 (decimal 306)
   defining Unicode char U+0133 (decimal 307)
   defining Unicode char U+0134 (decimal 308)
   defining Unicode char U+0135 (decimal 309)
   defining Unicode char U+0136 (decimal 310)
   defining Unicode char U+0137 (decimal 311)
   defining Unicode char U+0139 (decimal 313)
   defining Unicode char U+013A (decimal 314)
   defining Unicode char U+013B (decimal 315)
   defining Unicode char U+013C (decimal 316)
   defining Unicode char U+013D (decimal 317)
   defining Unicode char U+013E (decimal 318)
   defining Unicode char U+0141 (decimal 321)
   defining Unicode char U+0142 (decimal 322)
   defining Unicode char U+0143 (decimal 323)
   defining Unicode char U+0144 (decimal 324)
   defining Unicode char U+0145 (decimal 325)
   defining Unicode char U+0146 (decimal 326)
   defining Unicode char U+0147 (decimal 327)
   defining Unicode char U+0148 (decimal 328)
   defining Unicode char U+014A (decimal 330)
   defining Unicode char U+014B (decimal 331)
   defining Unicode char U+014C (decimal 332)
   defining Unicode char U+014D (decimal 333)
   defining Unicode char U+014E (decimal 334)
   defining Unicode char U+014F (decimal 335)
   defining Unicode char U+0150 (decimal 336)
   defining Unicode char U+0151 (decimal 337)
   defining Unicode char U+0152 (decimal 338)
   defining Unicode char U+0153 (decimal 339)
   defining Unicode char U+0154 (decimal 340)
   defining Unicode char U+0155 (decimal 341)
   defining Unicode char U+0156 (decimal 342)
   defining Unicode char U+0157 (decimal 343)
   defining Unicode char U+0158 (decimal 344)
   defining Unicode char U+0159 (decimal 345)
   defining Unicode char U+015A (decimal 346)
   defining Unicode char U+015B (decimal 347)
   defining Unicode char U+015C (decimal 348)
   defining Unicode char U+015D (decimal 349)
   defining Unicode char U+015E (decimal 350)
   defining Unicode char U+015F (decimal 351)
   defining Unicode char U+0160 (decimal 352)
   defining Unicode char U+0161 (decimal 353)
   defining Unicode char U+0162 (decimal 354)
   defining Unicode char U+0163 (decimal 355)
   defining Unicode char U+0164 (decimal 356)
   defining Unicode char U+0165 (decimal 357)
   defining Unicode char U+0168 (decimal 360)
   defining Unicode char U+0169 (decimal 361)
   defining Unicode char U+016A (decimal 362)
   defining Unicode char U+016B (decimal 363)
   defining Unicode char U+016C (decimal 364)
   defining Unicode char U+016D (decimal 365)
   defining Unicode char U+016E (decimal 366)
   defining Unicode char U+016F (decimal 367)
   defining Unicode char U+0170 (decimal 368)
   defining Unicode char U+0171 (decimal 369)
   defining Unicode char U+0172 (decimal 370)
   defining Unicode char U+0173 (decimal 371)
   defining Unicode char U+0174 (decimal 372)
   defining Unicode char U+0175 (decimal 373)
   defining Unicode char U+0176 (decimal 374)
   defining Unicode char U+0177 (decimal 375)
   defining Unicode char U+0178 (decimal 376)
   defining Unicode char U+0179 (decimal 377)
   defining Unicode char U+017A (decimal 378)
   defining Unicode char U+017B (decimal 379)
   defining Unicode char U+017C (decimal 380)
   defining Unicode char U+017D (decimal 381)
   defining Unicode char U+017E (decimal 382)
   defining Unicode char U+01CD (decimal 461)
   defining Unicode char U+01CE (decimal 462)
   defining Unicode char U+01CF (decimal 463)
   defining Unicode char U+01D0 (decimal 464)
   defining Unicode char U+01D1 (decimal 465)
   defining Unicode char U+01D2 (decimal 466)
   defining Unicode char U+01D3 (decimal 467)
   defining Unicode char U+01D4 (decimal 468)
   defining Unicode char U+01E2 (decimal 482)
   defining Unicode char U+01E3 (decimal 483)
   defining Unicode char U+01E6 (decimal 486)
   defining Unicode char U+01E7 (decimal 487)
   defining Unicode char U+01E8 (decimal 488)
   defining Unicode char U+01E9 (decimal 489)
   defining Unicode char U+01EA (decimal 490)
   defining Unicode char U+01EB (decimal 491)
   defining Unicode char U+01F0 (decimal 496)
   defining Unicode char U+01F4 (decimal 500)
   defining Unicode char U+01F5 (decimal 501)
   defining Unicode char U+0218 (decimal 536)
   defining Unicode char U+0219 (decimal 537)
   defining Unicode char U+021A (decimal 538)
   defining Unicode char U+021B (decimal 539)
   defining Unicode char U+1E02 (decimal 7682)
   defining Unicode char U+1E03 (decimal 7683)
   defining Unicode char U+200C (decimal 8204)
   defining Unicode char U+2010 (decimal 8208)
   defining Unicode char U+2011 (decimal 8209)
   defining Unicode char U+2012 (decimal 8210)
   defining Unicode char U+2013 (decimal 8211)
   defining Unicode char U+2014 (decimal 8212)
   defining Unicode char U+2015 (decimal 8213)
   defining Unicode char U+2018 (decimal 8216)
   defining Unicode char U+2019 (decimal 8217)
   defining Unicode char U+201A (decimal 8218)
   defining Unicode char U+201C (decimal 8220)
   defining Unicode char U+201D (decimal 8221)
   defining Unicode char U+201E (decimal 8222)
   defining Unicode char U+2030 (decimal 8240)
   defining Unicode char U+2031 (decimal 8241)
   defining Unicode char U+2039 (decimal 8249)
   defining Unicode char U+203A (decimal 8250)
   defining Unicode char U+2423 (decimal 9251)
)
Now handling font encoding OT1 ...
... processing UTF-8 mapping file for font encoding OT1

(/home/jose/texlive/texmf-dist/tex/latex/base/ot1enc.dfu
File: ot1enc.dfu 2016/02/28 v1.1s UTF-8 support for inputenc
   defining Unicode char U+00A0 (decimal 160)
   defining Unicode char U+00A1 (decimal 161)
   defining Unicode char U+00A3 (decimal 163)
   defining Unicode char U+00AD (decimal 173)
   defining Unicode char U+00B8 (decimal 184)
   defining Unicode char U+00BF (decimal 191)
   defining Unicode char U+00C5 (decimal 197)
   defining Unicode char U+00C6 (decimal 198)
   defining Unicode char U+00D8 (decimal 216)
   defining Unicode char U+00DF (decimal 223)
   defining Unicode char U+00E6 (decimal 230)
   defining Unicode char U+00EC (decimal 236)
   defining Unicode char U+00ED (decimal 237)
   defining Unicode char U+00EE (decimal 238)
   defining Unicode char U+00EF (decimal 239)
   defining Unicode char U+00F8 (decimal 248)
   defining Unicode char U+0131 (decimal 305)
   defining Unicode char U+0141 (decimal 321)
   defining Unicode char U+0142 (decimal 322)
   defining Unicode char U+0152 (decimal 338)
   defining Unicode char U+0153 (decimal 339)
   defining Unicode char U+0174 (decimal 372)
   defining Unicode char U+0175 (decimal 373)
   defining Unicode char U+0176 (decimal 374)
   defining Unicode char U+0177 (decimal 375)
   defining Unicode char U+0218 (decimal 536)
   defining Unicode char U+0219 (decimal 537)
   defining Unicode char U+021A (decimal 538)
   defining Unicode char U+021B (decimal 539)
   defining Unicode char U+2013 (decimal 8211)
   defining Unicode char U+2014 (decimal 8212)
   defining Unicode char U+2018 (decimal 8216)
   defining Unicode char U+2019 (decimal 8217)
   defining Unicode char U+201C (decimal 8220)
   defining Unicode char U+201D (decimal 8221)
)
Now handling font encoding OMS ...
... processing UTF-8 mapping file for font encoding OMS

(/home/jose/texlive/texmf-dist/tex/latex/base/omsenc.dfu
File: omsenc.dfu 2016/02/28 v1.1s UTF-8 support for inputenc
   defining Unicode char U+00A7 (decimal 167)
   defining Unicode char U+00B6 (decimal 182)
   defining Unicode char U+00B7 (decimal 183)
   defining Unicode char U+2020 (decimal 8224)
   defining Unicode char U+2021 (decimal 8225)
   defining Unicode char U+2022 (decimal 8226)
)
Now handling font encoding OMX ...
... no UTF-8 mapping file for font encoding OMX
Now handling font encoding U ...
... no UTF-8 mapping file for font encoding U
   defining Unicode char U+00A9 (decimal 169)
   defining Unicode char U+00AA (decimal 170)
   defining Unicode char U+00AE (decimal 174)
   defining Unicode char U+00BA (decimal 186)
   defining Unicode char U+02C6 (decimal 710)
   defining Unicode char U+02DC (decimal 732)
   defining Unicode char U+200C (decimal 8204)
   defining Unicode char U+2026 (decimal 8230)
   defining Unicode char U+2122 (decimal 8482)
   defining Unicode char U+2423 (decimal 9251)
))
(/home/jose/texlive/texmf-dist/tex/latex/amsmath/amsmath.sty
Package: amsmath 2016/03/10 v2.15b AMS math features
\@mathmargin=\skip43

For additional information on amsmath, use the `?' option.
(/home/jose/texlive/texmf-dist/tex/latex/amsmath/amstext.sty
Package: amstext 2000/06/29 v2.01 AMS text

(/home/jose/texlive/texmf-dist/tex/latex/amsmath/amsgen.sty
File: amsgen.sty 1999/11/30 v2.0 generic functions
\@emptytoks=\toks16
\ex@=\dimen103
))
(/home/jose/texlive/texmf-dist/tex/latex/amsmath/amsbsy.sty
Package: amsbsy 1999/11/29 v1.2d Bold Symbols
\pmbraise@=\dimen104
)
(/home/jose/texlive/texmf-dist/tex/latex/amsmath/amsopn.sty
Package: amsopn 2016/03/08 v2.02 operator names
)
\inf@bad=\count88
LaTeX Info: Redefining \frac on input line 199.
\uproot@=\count89
\leftroot@=\count90
LaTeX Info: Redefining \overline on input line 297.
\classnum@=\count91
\DOTSCASE@=\count92
LaTeX Info: Redefining \ldots on input line 394.
LaTeX Info: Redefining \dots on input line 397.
LaTeX Info: Redefining \cdots on input line 518.
\Mathstrutbox@=\box26
\strutbox@=\box27
\big@size=\dimen105
LaTeX Font Info:    Redeclaring font encoding OML on input line 634.
LaTeX Font Info:    Redeclaring font encoding OMS on input line 635.
\macc@depth=\count93
\c@MaxMatrixCols=\count94
\dotsspace@=\muskip10
\c@parentequation=\count95
\dspbrk@lvl=\count96
\tag@help=\toks17
\row@=\count97
\column@=\count98
\maxfields@=\count99
\andhelp@=\toks18
\eqnshift@=\dimen106
\alignsep@=\dimen107
\tagshift@=\dimen108
\tagwidth@=\dimen109
\totwidth@=\dimen110
\lineht@=\dimen111
\@envbody=\toks19
\multlinegap=\skip44
\multlinetaggap=\skip45
\mathdisplay@stack=\toks20
LaTeX Info: Redefining \[ on input line 2739.
LaTeX Info: Redefining \] on input line 2740.
)
(/home/jose/texlive/texmf-dist/tex/latex/amsfonts/amsfonts.sty
Package: amsfonts 2013/01/14 v3.01 Basic AMSFonts support
\symAMSa=\mathgroup4
\symAMSb=\mathgroup5
LaTeX Font Info:    Overwriting math alphabet `\mathfrak' in version `bold'
(Font)                  U/euf/m/n --> U/euf/b/n on input line 106.
)
(/home/jose/texlive/texmf-dist/tex/latex/amsfonts/amssymb.sty
Package: amssymb 2013/01/14 v3.01 AMS font symbols
)
(/home/jose/texlive/texmf-dist/tex/latex/graphics/graphicx.sty
Package: graphicx 2014/10/28 v1.0g Enhanced LaTeX Graphics (DPC,SPQR)

(/home/jose/texlive/texmf-dist/tex/latex/graphics/keyval.sty
Package: keyval 2014/10/28 v1.15 key=value parser (DPC)
\KV@toks@=\toks21
)
(/home/jose/texlive/texmf-dist/tex/latex/graphics/graphics.sty
Package: graphics 2016/06/02 v1.0s Standard LaTeX Graphics (DPC,SPQR)

(/home/jose/texlive/texmf-dist/tex/latex/graphics/trig.sty
Package: trig 2016/01/03 v1.10 sin cos tan (DPC)
)
(/home/jose/texlive/texmf-dist/tex/latex/graphics-cfg/graphics.cfg
File: graphics.cfg 2016/06/04 v1.11 sample graphics configuration
)
Package graphics Info: Driver file: pdftex.def on input line 99.

(/home/jose/texlive/texmf-dist/tex/latex/pdftex-def/pdftex.def
File: pdftex.def 2016/06/17 v0.06h Graphics/color for pdfTeX

(/home/jose/texlive/texmf-dist/tex/generic/oberdiek/infwarerr.sty
Package: infwarerr 2016/05/16 v1.4 Providing info/warning/error messages (HO)
)
(/home/jose/texlive/texmf-dist/tex/generic/oberdiek/ltxcmds.sty
Package: ltxcmds 2016/05/16 v1.23 LaTeX kernel commands for general use (HO)
)
\Gread@gobject=\count100
))
\Gin@req@height=\dimen112
\Gin@req@width=\dimen113
)
(/home/jose/texlive/texmf-dist/tex/latex/hyperref/hyperref.sty
Package: hyperref 2016/06/24 v6.83q Hypertext links for LaTeX

(/home/jose/texlive/texmf-dist/tex/generic/oberdiek/hobsub-hyperref.sty
Package: hobsub-hyperref 2016/05/16 v1.14 Bundle oberdiek, subset hyperref (HO)


(/home/jose/texlive/texmf-dist/tex/generic/oberdiek/hobsub-generic.sty
Package: hobsub-generic 2016/05/16 v1.14 Bundle oberdiek, subset generic (HO)
Package: hobsub 2016/05/16 v1.14 Construct package bundles (HO)
Package hobsub Info: Skipping package `infwarerr' (already loaded).
Package hobsub Info: Skipping package `ltxcmds' (already loaded).
Package: ifluatex 2016/05/16 v1.4 Provides the ifluatex switch (HO)
Package ifluatex Info: LuaTeX not detected.
Package: ifvtex 2016/05/16 v1.6 Detect VTeX and its facilities (HO)
Package ifvtex Info: VTeX not detected.
Package: intcalc 2016/05/16 v1.2 Expandable calculations with integers (HO)
Package: ifpdf 2016/05/14 v3.1 Provides the ifpdf switch
Package: etexcmds 2016/05/16 v1.6 Avoid name clashes with e-TeX commands (HO)
Package etexcmds Info: Could not find \expanded.
(etexcmds)             That can mean that you are not using pdfTeX 1.50 or
(etexcmds)             that some package has redefined \expanded.
(etexcmds)             In the latter case, load this package earlier.
Package: kvsetkeys 2016/05/16 v1.17 Key value parser (HO)
Package: kvdefinekeys 2016/05/16 v1.4 Define keys (HO)
Package: pdftexcmds 2016/05/21 v0.22 Utility functions of pdfTeX for LuaTeX (HO
)
Package pdftexcmds Info: LuaTeX not detected.
Package pdftexcmds Info: \pdf@primitive is available.
Package pdftexcmds Info: \pdf@ifprimitive is available.
Package pdftexcmds Info: \pdfdraftmode found.
Package: pdfescape 2016/05/16 v1.14 Implements pdfTeX's escape features (HO)
Package: bigintcalc 2016/05/16 v1.4 Expandable calculations on big integers (HO
)
Package: bitset 2016/05/16 v1.2 Handle bit-vector datatype (HO)
Package: uniquecounter 2016/05/16 v1.3 Provide unlimited unique counter (HO)
)
Package hobsub Info: Skipping package `hobsub' (already loaded).
Package: letltxmacro 2016/05/16 v1.5 Let assignment for LaTeX macros (HO)
Package: hopatch 2016/05/16 v1.3 Wrapper for package hooks (HO)
Package: xcolor-patch 2016/05/16 xcolor patch
Package: atveryend 2016/05/16 v1.9 Hooks at the very end of document (HO)
Package atveryend Info: \enddocument detected (standard20110627).
Package: atbegshi 2016/06/09 v1.18 At begin shipout hook (HO)
Package: refcount 2016/05/16 v3.5 Data extraction from label references (HO)
Package: hycolor 2016/05/16 v1.8 Color options for hyperref/bookmark (HO)
)
(/home/jose/texlive/texmf-dist/tex/generic/ifxetex/ifxetex.sty
Package: ifxetex 2010/09/12 v0.6 Provides ifxetex conditional
)
(/home/jose/texlive/texmf-dist/tex/latex/oberdiek/auxhook.sty
Package: auxhook 2016/05/16 v1.4 Hooks for auxiliary files (HO)
)
(/home/jose/texlive/texmf-dist/tex/latex/oberdiek/kvoptions.sty
Package: kvoptions 2016/05/16 v3.12 Key value format for package options (HO)
)
\@linkdim=\dimen114
\Hy@linkcounter=\count101
\Hy@pagecounter=\count102

(/home/jose/texlive/texmf-dist/tex/latex/hyperref/pd1enc.def
File: pd1enc.def 2016/06/24 v6.83q Hyperref: PDFDocEncoding definition (HO)
Now handling font encoding PD1 ...
... no UTF-8 mapping file for font encoding PD1
)
\Hy@SavedSpaceFactor=\count103

(/home/jose/texlive/texmf-dist/tex/latex/latexconfig/hyperref.cfg
File: hyperref.cfg 2002/06/06 v1.2 hyperref configuration of TeXLive
)
Package hyperref Info: Hyper figures OFF on input line 4486.
Package hyperref Info: Link nesting OFF on input line 4491.
Package hyperref Info: Hyper index ON on input line 4494.
Package hyperref Info: Plain pages OFF on input line 4501.
Package hyperref Info: Backreferencing OFF on input line 4506.
Package hyperref Info: Implicit mode ON; LaTeX internals redefined.
Package hyperref Info: Bookmarks ON on input line 4735.
\c@Hy@tempcnt=\count104

(/home/jose/texlive/texmf-dist/tex/latex/url/url.sty
\Urlmuskip=\muskip11
Package: url 2013/09/16  ver 3.4  Verb mode for urls, etc.
)
LaTeX Info: Redefining \url on input line 5088.
\XeTeXLinkMargin=\dimen115
\Fld@menulength=\count105
\Field@Width=\dimen116
\Fld@charsize=\dimen117
Package hyperref Info: Hyper figures OFF on input line 6342.
Package hyperref Info: Link nesting OFF on input line 6347.
Package hyperref Info: Hyper index ON on input line 6350.
Package hyperref Info: backreferencing OFF on input line 6357.
Package hyperref Info: Link coloring OFF on input line 6362.
Package hyperref Info: Link coloring with OCG OFF on input line 6367.
Package hyperref Info: PDF/A mode OFF on input line 6372.
LaTeX Info: Redefining \ref on input line 6412.
LaTeX Info: Redefining \pageref on input line 6416.
\Hy@abspage=\count106
\c@Item=\count107
\c@Hfootnote=\count108
)

Package hyperref Message: Driver (autodetected): hpdftex.

(/home/jose/texlive/texmf-dist/tex/latex/hyperref/hpdftex.def
File: hpdftex.def 2016/06/24 v6.83q Hyperref driver for pdfTeX
\Fld@listcount=\count109
\c@bookmark@seq@number=\count110

(/home/jose/texlive/texmf-dist/tex/latex/oberdiek/rerunfilecheck.sty
Package: rerunfilecheck 2016/05/16 v1.8 Rerun checks for auxiliary files (HO)
Package uniquecounter Info: New unique counter `rerunfilecheck' on input line 2
82.
)
\Hy@SectionHShift=\skip46
)
(/home/jose/texlive/texmf-dist/tex/latex/caption/subcaption.sty
Package: subcaption 2016/05/22 v1.1-161 Sub-captions (AR)

(/home/jose/texlive/texmf-dist/tex/latex/caption/caption.sty
Package: caption 2016/02/21 v3.3-144 Customizing captions (AR)

(/home/jose/texlive/texmf-dist/tex/latex/caption/caption3.sty
Package: caption3 2016/05/22 v1.7-166 caption3 kernel (AR)
Package caption3 Info: TeX engine: e-TeX on input line 67.
\captionmargin=\dimen118
\captionmargin@=\dimen119
\captionwidth=\dimen120
\caption@tempdima=\dimen121
\caption@indent=\dimen122
\caption@parindent=\dimen123
\caption@hangindent=\dimen124
)
\c@ContinuedFloat=\count111
Package caption Info: hyperref package is loaded.
)
\c@subfigure=\count112
\c@subtable=\count113
)
(/home/jose/texlive/texmf-dist/tex/latex/minted/minted.sty
Package: minted 2016/06/21 v2.2.2 Yet another Pygments shim for LaTeX

(/home/jose/texlive/texmf-dist/tex/latex/fancyvrb/fancyvrb.sty
Package: fancyvrb 2008/02/07

Style option: `fancyvrb' v2.7a, with DG/SPQR fixes, and firstline=lastline fix 
<2008/02/07> (tvz)
\FV@CodeLineNo=\count114
\FV@InFile=\read1
\FV@TabBox=\box28
\c@FancyVerbLine=\count115
\FV@StepNumber=\count116
\FV@OutFile=\write3
) (/home/jose/texlive/texmf-dist/tex/latex/float/float.sty
Package: float 2001/11/08 v1.3d Float enhancements (AL)
\c@float@type=\count117
\float@exts=\toks22
\float@box=\box29
\@float@everytoks=\toks23
\@floatcapt=\box30
)
(/home/jose/texlive/texmf-dist/tex/latex/base/ifthen.sty
Package: ifthen 2014/09/29 v1.1c Standard LaTeX ifthen package (DPC)
)
(/home/jose/texlive/texmf-dist/tex/latex/tools/calc.sty
Package: calc 2014/10/28 v4.3 Infix arithmetic (KKT,FJ)
\calc@Acount=\count118
\calc@Bcount=\count119
\calc@Adimen=\dimen125
\calc@Bdimen=\dimen126
\calc@Askip=\skip47
\calc@Bskip=\skip48
LaTeX Info: Redefining \setlength on input line 80.
LaTeX Info: Redefining \addtolength on input line 81.
\calc@Ccount=\count120
\calc@Cskip=\skip49
)
(/home/jose/texlive/texmf-dist/tex/latex/tools/shellesc.sty
Package: shellesc 2016/06/07 v0.02a unified shell escape interface for LaTeX
Package shellesc Info: Unrestricted shell escape enabled on input line 67.
)
(/home/jose/texlive/texmf-dist/tex/latex/ifplatform/ifplatform.sty
Package: ifplatform 2010/10/22 v0.4 Testing for the operating system

(/home/jose/texlive/texmf-dist/tex/generic/oberdiek/catchfile.sty
Package: catchfile 2016/05/16 v1.7 Catch the contents of a file (HO)
)
runsystem(uname -s > "main.w18")...executed.

 (./main.w18)
runsystem(rm -- "main.w18")...executed.

) (/home/jose/texlive/texmf-dist/tex/latex/etoolbox/etoolbox.sty
Package: etoolbox 2015/08/02 v2.2a e-TeX tools for LaTeX (JAW)
\etb@tempcnta=\count121
)
(/home/jose/texlive/texmf-dist/tex/generic/xstring/xstring.sty
(/home/jose/texlive/texmf-dist/tex/generic/xstring/xstring.tex
\@xs@message=\write4
\integerpart=\count122
\decimalpart=\count123
)
Package: xstring 2013/10/13  v1.7c  String manipulations (C Tellechea)
)
(/home/jose/texlive/texmf-dist/tex/latex/lineno/lineno.sty
Package: lineno 2005/11/02 line numbers on paragraphs v4.41
\linenopenalty=\count124
\output=\toks24
\linenoprevgraf=\count125
\linenumbersep=\dimen127
\linenumberwidth=\dimen128
\c@linenumber=\count126
\c@pagewiselinenumber=\count127
\c@LN@truepage=\count128
\c@internallinenumber=\count129
\c@internallinenumbers=\count130
\quotelinenumbersep=\dimen129
\bframerule=\dimen130
\bframesep=\dimen131
\bframebox=\box31
LaTeX Info: Redefining \\ on input line 3056.
)
(/home/jose/texlive/texmf-dist/tex/latex/framed/framed.sty
Package: framed 2011/10/22 v 0.96: framed or shaded text with page breaks
\OuterFrameSep=\skip50
\fb@frw=\dimen132
\fb@frh=\dimen133
\FrameRule=\dimen134
\FrameSep=\dimen135
)
\minted@appexistsfile=\read2
\FV@BreakIndent=\dimen136
\FV@BreakSymbolSepLeft=\dimen137
\FV@BreakSymbolSepRight=\dimen138
\FV@BreakSymbolIndentLeft=\dimen139
\FV@BreakSymbolIndentRight=\dimen140
\c@FancyVerbLineBreakLast=\count131
\FV@LineBox=\box32
\FV@LineIndentBox=\box33
\minted@bgbox=\box34
\minted@code=\write5
\c@minted@FancyVerbLineTemp=\count132
\c@minted@pygmentizecounter=\count133
\@float@every@listing=\toks25
\c@listing=\count134
)
runsystem(mkdir -p _minted-main)...executed.


(/home/jose/texlive/texmf-dist/tex/latex/geometry/geometry.sty
Package: geometry 2010/09/12 v5.6 Page Geometry
\Gm@cnth=\count135
\Gm@cntv=\count136
\c@Gm@tempcnt=\count137
\Gm@bindingoffset=\dimen141
\Gm@wd@mp=\dimen142
\Gm@odd@mp=\dimen143
\Gm@even@mp=\dimen144
\Gm@layoutwidth=\dimen145
\Gm@layoutheight=\dimen146
\Gm@layouthoffset=\dimen147
\Gm@layoutvoffset=\dimen148
\Gm@dimlist=\toks26
)
(/home/jose/texlive/texmf-dist/tex/latex/algorithms/algorithm.sty
Package: algorithm 2009/08/24 v0.1 Document Style `algorithm' - floating enviro
nment
\@float@every@algorithm=\toks27
\c@algorithm=\count138
)
(/home/jose/texlive/texmf-dist/tex/latex/algorithmicx/algpseudocode.sty
Package: algpseudocode 

(/home/jose/texlive/texmf-dist/tex/latex/algorithmicx/algorithmicx.sty
Package: algorithmicx 2005/04/27 v1.2 Algorithmicx

Document Style algorithmicx 1.2 - a greatly improved `algorithmic' style
\c@ALG@line=\count139
\c@ALG@rem=\count140
\c@ALG@nested=\count141
\ALG@tlm=\skip51
\ALG@thistlm=\skip52
\c@ALG@Lnr=\count142
\c@ALG@blocknr=\count143
\c@ALG@storecount=\count144
\c@ALG@tmpcounter=\count145
\ALG@tmplength=\skip53
)
Document Style - pseudocode environments for use with the `algorithmicx' style
) (/home/jose/texlive/texmf-dist/tex/latex/placeins/placeins.sty
Package: placeins 2005/04/18  v 2.2
)
\c@mydef=\count146
\@indexfile=\write6
\openout6 = `main.idx'.


Writing index file main.idx
runsystem(which pygmentize && touch main.aex)...executed.

runsystem(rm main.aex)...executed.

(./main.aux)
\openout1 = `main.aux'.

LaTeX Font Info:    Checking defaults for OML/cmm/m/it on input line 21.
LaTeX Font Info:    ... okay on input line 21.
LaTeX Font Info:    Checking defaults for T1/cmr/m/n on input line 21.
LaTeX Font Info:    ... okay on input line 21.
LaTeX Font Info:    Checking defaults for OT1/cmr/m/n on input line 21.
LaTeX Font Info:    ... okay on input line 21.
LaTeX Font Info:    Checking defaults for OMS/cmsy/m/n on input line 21.
LaTeX Font Info:    ... okay on input line 21.
LaTeX Font Info:    Checking defaults for OMX/cmex/m/n on input line 21.
LaTeX Font Info:    ... okay on input line 21.
LaTeX Font Info:    Checking defaults for U/cmr/m/n on input line 21.
LaTeX Font Info:    ... okay on input line 21.
LaTeX Font Info:    Checking defaults for PD1/pdf/m/n on input line 21.
LaTeX Font Info:    ... okay on input line 21.
 (/home/jose/texlive/texmf-dist/tex/context/base/mkii/supp-pdf.mkii
[Loading MPS to PDF converter (version 2006.09.02).]
\scratchcounter=\count147
\scratchdimen=\dimen149
\scratchbox=\box35
\nofMPsegments=\count148
\nofMParguments=\count149
\everyMPshowfont=\toks28
\MPscratchCnt=\count150
\MPscratchDim=\dimen150
\MPnumerator=\count151
\makeMPintoPDFobject=\count152
\everyMPtoPDFconversion=\toks29
) (/home/jose/texlive/texmf-dist/tex/latex/oberdiek/epstopdf-base.sty
Package: epstopdf-base 2016/05/15 v2.6 Base part for package epstopdf

(/home/jose/texlive/texmf-dist/tex/latex/oberdiek/grfext.sty
Package: grfext 2016/05/16 v1.2 Manage graphics extensions (HO)
)
Package epstopdf-base Info: Redefining graphics rule for `.eps' on input line 4
38.
Package grfext Info: Graphics extension search list:
(grfext)             [.png,.pdf,.jpg,.mps,.jpeg,.jbig2,.jb2,.PNG,.PDF,.JPG,.JPE
G,.JBIG2,.JB2,.eps]
(grfext)             \AppendGraphicsExtensions on input line 456.

(/home/jose/texlive/texmf-dist/tex/latex/latexconfig/epstopdf-sys.cfg
File: epstopdf-sys.cfg 2010/07/13 v1.3 Configuration of (r)epstopdf for TeX Liv
e
))
\AtBeginShipoutBox=\box36
Package hyperref Info: Link coloring OFF on input line 21.

(/home/jose/texlive/texmf-dist/tex/latex/hyperref/nameref.sty
Package: nameref 2016/05/21 v2.44 Cross-referencing by name of section

(/home/jose/texlive/texmf-dist/tex/generic/oberdiek/gettitlestring.sty
Package: gettitlestring 2016/05/16 v1.5 Cleanup title references (HO)
)
\c@section@level=\count153
)
LaTeX Info: Redefining \ref on input line 21.
LaTeX Info: Redefining \pageref on input line 21.
LaTeX Info: Redefining \nameref on input line 21.

(./main.out) (./main.out)
\@outlinefile=\write7
\openout7 = `main.out'.

Package caption Info: Begin \AtBeginDocument code.
Package caption Info: float package is loaded.
Package caption Info: End \AtBeginDocument code.

(/home/jose/texlive/texmf-dist/tex/latex/xcolor/xcolor.sty
Package: xcolor 2016/05/11 v2.12 LaTeX color extensions (UK)

(/home/jose/texlive/texmf-dist/tex/latex/graphics-cfg/color.cfg
File: color.cfg 2016/01/02 v1.6 sample color configuration
)
Package xcolor Info: Driver file: pdftex.def on input line 225.
Package xcolor Info: Model `cmy' substituted by `cmy0' on input line 1348.
Package xcolor Info: Model `hsb' substituted by `rgb' on input line 1352.
Package xcolor Info: Model `RGB' extended on input line 1364.
Package xcolor Info: Model `HTML' substituted by `rgb' on input line 1366.
Package xcolor Info: Model `Hsb' substituted by `hsb' on input line 1367.
Package xcolor Info: Model `tHsb' substituted by `hsb' on input line 1368.
Package xcolor Info: Model `HSB' substituted by `hsb' on input line 1369.
Package xcolor Info: Model `Gray' substituted by `gray' on input line 1370.
Package xcolor Info: Model `wave' substituted by `hsb' on input line 1371.
)
*geometry* driver: auto-detecting
*geometry* detected driver: pdftex
*geometry* verbose mode - [ preamble ] result:
* driver: pdftex
* paper: a4paper
* layout: <same size as paper>
* layoutoffset:(h,v)=(0.0pt,0.0pt)
* modes: twoside 
* h-part:(L,W,R)=(71.13188pt, 455.24411pt, 71.13188pt)
* v-part:(T,H,B)=(99.58464pt, 660.10394pt, 85.35826pt)
* \paperwidth=597.50787pt
* \paperheight=845.04684pt
* \textwidth=455.24411pt
* \textheight=660.10394pt
* \oddsidemargin=-1.1381pt
* \evensidemargin=-1.1381pt
* \topmargin=-2.75284pt
* \headheight=12.0pt
* \headsep=18.06749pt
* \topskip=10.0pt
* \footskip=25.29494pt
* \marginparwidth=115.0pt
* \marginparsep=7.0pt
* \columnsep=10.0pt
* \skip\footins=9.0pt plus 4.0pt minus 2.0pt
* \hoffset=0.0pt
* \voffset=0.0pt
* \mag=1000
* \@twocolumnfalse
* \@twosidetrue
* \@mparswitchtrue
* \@reversemarginfalse
* (1in=72.27pt=25.4mm, 1cm=28.453pt)

LaTeX Font Info:    Try loading font information for U+msa on input line 25.
(/home/jose/texlive/texmf-dist/tex/latex/amsfonts/umsa.fd
File: umsa.fd 2013/01/14 v3.01 AMS symbols A
)
LaTeX Font Info:    Try loading font information for U+msb on input line 25.

(/home/jose/texlive/texmf-dist/tex/latex/amsfonts/umsb.fd
File: umsb.fd 2013/01/14 v3.01 AMS symbols B
) [1


{/home/jose/texlive/texmf-var/fonts/map/pdftex/updmap/pdftex.map}] [2

] (./main.toc [3])
\tf@toc=\write8
\openout8 = `main.toc'.

 [4]
Chapter 1.
LaTeX Font Info:    Try loading font information for OMS+cmr on input line 35.
(/home/jose/texlive/texmf-dist/tex/latex/base/omscmr.fd
File: omscmr.fd 2014/09/29 v2.5h Standard LaTeX font definitions
)
LaTeX Font Info:    Font shape `OMS/cmr/m/n' in size <10> not available
(Font)              Font shape `OMS/cmsy/m/n' tried instead on input line 35.

Underfull \hbox (badness 10000) in paragraph at lines 46--47

 []

[5

]
Underfull \hbox (badness 10000) in paragraph at lines 64--65

 []


Underfull \hbox (badness 10000) in paragraph at lines 66--67

 []


Underfull \hbox (badness 10000) in paragraph at lines 68--69

 []


Underfull \hbox (badness 10000) in paragraph at lines 70--71

 []

[6]
Chapter 2.

Overfull \hbox (42.37546pt too wide) in paragraph at lines 76--77
\OT1/cmr/m/n/10 In this chap-ter we will fo-cus on re-gres-sion prob-lems. As-s
ume we have some la-belled data $\OML/cmm/m/it/10 D \OT1/cmr/m/n/10 = []$,
 []


Underfull \hbox (badness 10000) in paragraph at lines 76--77

 []


Underfull \hbox (badness 10000) in paragraph at lines 78--79

 []

[7

]
Underfull \hbox (badness 10000) in paragraph at lines 126--127

 []

[8]
Underfull \hbox (badness 10000) in paragraph at lines 205--206

 []

<figures/chapter2/drawPrior.pdf, id=361, 688.73308pt x 499.3857pt>
File: figures/chapter2/drawPrior.pdf Graphic file (type pdf)

<use figures/chapter2/drawPrior.pdf>
Package pdftex.def Info: figures/chapter2/drawPrior.pdf used on input line 210.

(pdftex.def)             Requested size: 455.24411pt x 330.09088pt.

Underfull \hbox (badness 10000) in paragraph at lines 218--219

 []

[9] [10 <./figures/chapter2/drawPrior.pdf>]
Underfull \hbox (badness 10000) in paragraph at lines 266--267

 []


Underfull \hbox (badness 10000) in paragraph at lines 323--324

 []

[11]
Package hyperref Info: bookmark level for unknown algorithm defaults to 0 on in
put line 326.

Underfull \hbox (badness 10000) in paragraph at lines 344--345

 []

<figures/chapter2/GPsine.pdf, id=443, 625.85822pt x 453.8556pt>
File: figures/chapter2/GPsine.pdf Graphic file (type pdf)

<use figures/chapter2/GPsine.pdf>
Package pdftex.def Info: figures/chapter2/GPsine.pdf used on input line 350.
(pdftex.def)             Requested size: 455.24411pt x 330.13454pt.

Underfull \hbox (badness 10000) in paragraph at lines 355--356

 []

[12] [13 <./figures/chapter2/GPsine.pdf>]
Underfull \hbox (badness 10000) in paragraph at lines 383--384

 []


Underfull \hbox (badness 10000) in paragraph at lines 391--392

 []


Underfull \hbox (badness 10000) in paragraph at lines 399--400

 []


Underfull \hbox (badness 10000) in paragraph at lines 408--409

 []


Underfull \hbox (badness 10000) in paragraph at lines 416--417

 []


Underfull \hbox (badness 10000) in paragraph at lines 423--424

 []

[14]
Underfull \hbox (badness 10000) in paragraph at lines 436--437

 []

<figures/chapter2/zoo.pdf, id=509, 890.36638pt x 618.63121pt>
File: figures/chapter2/zoo.pdf Graphic file (type pdf)

<use figures/chapter2/zoo.pdf>
Package pdftex.def Info: figures/chapter2/zoo.pdf used on input line 442.
(pdftex.def)             Requested size: 455.24411pt x 316.30954pt.

Underfull \vbox (badness 1194) has occurred while \output is active []

 [15 <./figures/chapter2/zoo.pdf>]
Underfull \hbox (badness 10000) in paragraph at lines 460--461

 []

<figures/chapter2/logmarginal.pdf, id=561, 729.92702pt x 336.05548pt>
File: figures/chapter2/logmarginal.pdf Graphic file (type pdf)

<use figures/chapter2/logmarginal.pdf>
Package pdftex.def Info: figures/chapter2/logmarginal.pdf used on input line 49
1.
(pdftex.def)             Requested size: 455.24411pt x 209.59317pt.
 [16]
Underfull \hbox (badness 10000) in paragraph at lines 506--507

 []

[17 <./figures/chapter2/logmarginal.pdf>] [18]
Underfull \hbox (badness 10000) in paragraph at lines 581--582

 []


Underfull \hbox (badness 10000) in paragraph at lines 590--591

 []

[19] [20

]
Chapter 3.

Underfull \hbox (badness 10000) in paragraph at lines 629--630

 []

[21]
Underfull \hbox (badness 10000) in paragraph at lines 642--643

 []


Underfull \hbox (badness 10000) in paragraph at lines 673--674

 []

[22] [23]
Underfull \hbox (badness 10000) in paragraph at lines 726--727

 []


Underfull \hbox (badness 10000) in paragraph at lines 730--731

 []


LaTeX Warning: Reference `acqzoo' on page 24 undefined on input line 748.

<figures/chapter3/acqzoo.pdf, id=676, 537.6888pt x 680.78339pt>
File: figures/chapter3/acqzoo.pdf Graphic file (type pdf)

<use figures/chapter3/acqzoo.pdf>
Package pdftex.def Info: figures/chapter3/acqzoo.pdf used on input line 755.
(pdftex.def)             Requested size: 322.61577pt x 408.47318pt.

Underfull \hbox (badness 10000) in paragraph at lines 760--761

 []


Underfull \hbox (badness 10000) in paragraph at lines 762--763

 []

[24] [25 <./figures/chapter3/acqzoo.pdf>]
<figures/chapter3/explanation.pdf, id=741, 761.7258pt x 529.7391pt>
File: figures/chapter3/explanation.pdf Graphic file (type pdf)

<use figures/chapter3/explanation.pdf>
Package pdftex.def Info: figures/chapter3/explanation.pdf used on input line 76
9.
(pdftex.def)             Requested size: 455.24411pt x 316.59302pt.

Underfull \hbox (badness 10000) in paragraph at lines 787--788

 []

[26 <./figures/chapter3/explanation.pdf>]
Underfull \hbox (badness 10000) in paragraph at lines 805--806

 []


Underfull \hbox (badness 10000) in paragraph at lines 807--808

 []

[27]
Underfull \hbox (badness 10000) in paragraph at lines 813--814

 []


Underfull \hbox (badness 10000) in paragraph at lines 823--824

 []


Underfull \hbox (badness 10000) in paragraph at lines 843--844

 []

[28]
Underfull \hbox (badness 10000) in paragraph at lines 845--846

 []


Underfull \hbox (badness 10000) in paragraph at lines 851--852

 []

[29]
Underfull \hbox (badness 10000) in paragraph at lines 869--870

 []

<figures/chapter3/sine/0.pdf, id=819, 462.52798pt x 346.89601pt>
File: figures/chapter3/sine/0.pdf Graphic file (type pdf)

<use figures/chapter3/sine/0.pdf>
Package pdftex.def Info: figures/chapter3/sine/0.pdf used on input line 880.
(pdftex.def)             Requested size: 204.85846pt x 153.6457pt.

<figures/chapter3/sine/1.pdf, id=820, 462.52798pt x 346.89601pt>
File: figures/chapter3/sine/1.pdf Graphic file (type pdf)

<use figures/chapter3/sine/1.pdf>
Package pdftex.def Info: figures/chapter3/sine/1.pdf used on input line 884.
(pdftex.def)             Requested size: 204.85846pt x 153.6457pt.

<figures/chapter3/sine/2.pdf, id=821, 462.52798pt x 346.89601pt>
File: figures/chapter3/sine/2.pdf Graphic file (type pdf)

<use figures/chapter3/sine/2.pdf>
Package pdftex.def Info: figures/chapter3/sine/2.pdf used on input line 889.
(pdftex.def)             Requested size: 204.85846pt x 153.6457pt.

<figures/chapter3/sine/3.pdf, id=822, 462.52798pt x 346.89601pt>
File: figures/chapter3/sine/3.pdf Graphic file (type pdf)

<use figures/chapter3/sine/3.pdf>
Package pdftex.def Info: figures/chapter3/sine/3.pdf used on input line 893.
(pdftex.def)             Requested size: 204.85846pt x 153.6457pt.

<figures/chapter3/sine/4.pdf, id=823, 462.52798pt x 346.89601pt>
File: figures/chapter3/sine/4.pdf Graphic file (type pdf)

<use figures/chapter3/sine/4.pdf>
Package pdftex.def Info: figures/chapter3/sine/4.pdf used on input line 898.
(pdftex.def)             Requested size: 204.85846pt x 153.6457pt.

<figures/chapter3/sine/5.pdf, id=824, 462.52798pt x 346.89601pt>
File: figures/chapter3/sine/5.pdf Graphic file (type pdf)

<use figures/chapter3/sine/5.pdf>
Package pdftex.def Info: figures/chapter3/sine/5.pdf used on input line 902.
(pdftex.def)             Requested size: 204.85846pt x 153.6457pt.

Underfull \hbox (badness 10000) in paragraph at lines 915--916

 []

<figures/chapter3/rosen/rosen.pdf, id=826, 462.52798pt x 346.89601pt>
File: figures/chapter3/rosen/rosen.pdf Graphic file (type pdf)

<use figures/chapter3/rosen/rosen.pdf>
Package pdftex.def Info: figures/chapter3/rosen/rosen.pdf used on input line 92
1.
(pdftex.def)             Requested size: 231.26341pt x 173.44757pt.

Underfull \hbox (badness 10000) in paragraph at lines 924--925

 []

<figures/chapter3/rosen/0.pdf, id=829, 462.52798pt x 346.89601pt>
File: figures/chapter3/rosen/0.pdf Graphic file (type pdf)

<use figures/chapter3/rosen/0.pdf>
Package pdftex.def Info: figures/chapter3/rosen/0.pdf used on input line 934.
(pdftex.def)             Requested size: 204.85846pt x 153.6457pt.

<figures/chapter3/rosen/1.pdf, id=830, 462.52798pt x 346.89601pt>
File: figures/chapter3/rosen/1.pdf Graphic file (type pdf)

<use figures/chapter3/rosen/1.pdf>
Package pdftex.def Info: figures/chapter3/rosen/1.pdf used on input line 938.
(pdftex.def)             Requested size: 204.85846pt x 153.6457pt.

<figures/chapter3/rosen/2.pdf, id=831, 462.52798pt x 346.89601pt>
File: figures/chapter3/rosen/2.pdf Graphic file (type pdf)

<use figures/chapter3/rosen/2.pdf>
Package pdftex.def Info: figures/chapter3/rosen/2.pdf used on input line 943.
(pdftex.def)             Requested size: 204.85846pt x 153.6457pt.

<figures/chapter3/rosen/3.pdf, id=832, 462.52798pt x 346.89601pt>
File: figures/chapter3/rosen/3.pdf Graphic file (type pdf)

<use figures/chapter3/rosen/3.pdf>
Package pdftex.def Info: figures/chapter3/rosen/3.pdf used on input line 947.
(pdftex.def)             Requested size: 204.85846pt x 153.6457pt.

<figures/chapter3/rosen/4.pdf, id=833, 462.52798pt x 346.89601pt>
File: figures/chapter3/rosen/4.pdf Graphic file (type pdf)

<use figures/chapter3/rosen/4.pdf>
Package pdftex.def Info: figures/chapter3/rosen/4.pdf used on input line 952.
(pdftex.def)             Requested size: 204.85846pt x 153.6457pt.

<figures/chapter3/rosen/5.pdf, id=834, 462.52798pt x 346.89601pt>
File: figures/chapter3/rosen/5.pdf Graphic file (type pdf)

<use figures/chapter3/rosen/5.pdf>
Package pdftex.def Info: figures/chapter3/rosen/5.pdf used on input line 956.
(pdftex.def)             Requested size: 204.85846pt x 153.6457pt.
 [30] [31 <./figures/chapter3/sine/0.pdf> <./figures/chapter3/sine/1.pdf

pdfTeX warning: /home/jose/texlive/bin/x86_64-linux/pdflatex (file ./figures/ch
apter3/sine/1.pdf): PDF inclusion: multiple pdfs with page group included in a 
single page
> <./figures/chapter3/sine/2.pdf

pdfTeX warning: /home/jose/texlive/bin/x86_64-linux/pdflatex (file ./figures/ch
apter3/sine/2.pdf): PDF inclusion: multiple pdfs with page group included in a 
single page
> <./figures/chapter3/sine/3.pdf

pdfTeX warning: /home/jose/texlive/bin/x86_64-linux/pdflatex (file ./figures/ch
apter3/sine/3.pdf): PDF inclusion: multiple pdfs with page group included in a 
single page
> <./figures/chapter3/sine/4.pdf

pdfTeX warning: /home/jose/texlive/bin/x86_64-linux/pdflatex (file ./figures/ch
apter3/sine/4.pdf): PDF inclusion: multiple pdfs with page group included in a 
single page
> <./figures/chapter3/sine/5.pdf

pdfTeX warning: /home/jose/texlive/bin/x86_64-linux/pdflatex (file ./figures/ch
apter3/sine/5.pdf): PDF inclusion: multiple pdfs with page group included in a 
single page
>] [32 <./figures/chapter3/rosen/rosen.pdf>] [33 <./figures/chapter3/rosen/0.pd
f> <./figures/chapter3/rosen/1.pdf

pdfTeX warning: /home/jose/texlive/bin/x86_64-linux/pdflatex (file ./figures/ch
apter3/rosen/1.pdf): PDF inclusion: multiple pdfs with page group included in a
 single page
> <./figures/chapter3/rosen/2.pdf

pdfTeX warning: /home/jose/texlive/bin/x86_64-linux/pdflatex (file ./figures/ch
apter3/rosen/2.pdf): PDF inclusion: multiple pdfs with page group included in a
 single page
> <./figures/chapter3/rosen/3.pdf

pdfTeX warning: /home/jose/texlive/bin/x86_64-linux/pdflatex (file ./figures/ch
apter3/rosen/3.pdf): PDF inclusion: multiple pdfs with page group included in a
 single page
> <./figures/chapter3/rosen/4.pdf

pdfTeX warning: /home/jose/texlive/bin/x86_64-linux/pdflatex (file ./figures/ch
apter3/rosen/4.pdf): PDF inclusion: multiple pdfs with page group included in a
 single page
> <./figures/chapter3/rosen/5.pdf

pdfTeX warning: /home/jose/texlive/bin/x86_64-linux/pdflatex (file ./figures/ch
apter3/rosen/5.pdf): PDF inclusion: multiple pdfs with page group included in a
 single page
>] [34

]
Chapter 4.

Underfull \hbox (badness 10000) in paragraph at lines 968--969

 []


Underfull \hbox (badness 10000) in paragraph at lines 975--976

 []

[35]
Underfull \hbox (badness 10000) in paragraph at lines 996--997

 []


Underfull \hbox (badness 10000) in paragraph at lines 1010--1011

 []


Underfull \hbox (badness 10000) in paragraph at lines 1012--1013

 []

[36]
Underfull \hbox (badness 10000) in paragraph at lines 1028--1029

 []

<figures/chapter4/docking.png, id=1156, 667.293pt x 442.7742pt>
File: figures/chapter4/docking.png Graphic file (type png)

<use figures/chapter4/docking.png>
Package pdftex.def Info: figures/chapter4/docking.png used on input line 1033.
(pdftex.def)             Requested size: 300.27907pt x 199.24654pt.

Underfull \hbox (badness 10000) in paragraph at lines 1037--1038

 []

[37]
Underfull \hbox (badness 10000) in paragraph at lines 1044--1045

 []


Underfull \hbox (badness 10000) in paragraph at lines 1046--1047

 []

[38 <./figures/chapter4/docking.png>]
<figures/chapter4/aff/svm.pdf, id=1172, 462.52798pt x 346.89601pt>
File: figures/chapter4/aff/svm.pdf Graphic file (type pdf)

<use figures/chapter4/aff/svm.pdf>
Package pdftex.def Info: figures/chapter4/aff/svm.pdf used on input line 1070.
(pdftex.def)             Requested size: 346.89513pt x 260.17136pt.

<figures/chapter4/aff/mlp.pdf, id=1173, 462.52798pt x 346.89601pt>
File: figures/chapter4/aff/mlp.pdf Graphic file (type pdf)

<use figures/chapter4/aff/mlp.pdf>
Package pdftex.def Info: figures/chapter4/aff/mlp.pdf used on input line 1077.
(pdftex.def)             Requested size: 346.89513pt x 260.17136pt.

<figures/chapter4/aff/ada.pdf, id=1174, 462.52798pt x 346.89601pt>
File: figures/chapter4/aff/ada.pdf Graphic file (type pdf)

<use figures/chapter4/aff/ada.pdf>
Package pdftex.def Info: figures/chapter4/aff/ada.pdf used on input line 1084.
(pdftex.def)             Requested size: 346.89513pt x 260.17136pt.

<figures/chapter4/aff/gbm.pdf, id=1175, 462.52798pt x 346.89601pt>
File: figures/chapter4/aff/gbm.pdf Graphic file (type pdf)

<use figures/chapter4/aff/gbm.pdf>
Package pdftex.def Info: figures/chapter4/aff/gbm.pdf used on input line 1091.
(pdftex.def)             Requested size: 346.89513pt x 260.17136pt.
 [39] [40 <./figures/chapter4/aff/svm.pdf> <./figures/chapter4/aff/mlp.pdf

pdfTeX warning: /home/jose/texlive/bin/x86_64-linux/pdflatex (file ./figures/ch
apter4/aff/mlp.pdf): PDF inclusion: multiple pdfs with page group included in a
 single page
>] [41 <./figures/chapter4/aff/ada.pdf> <./figures/chapter4/aff/gbm.pdf

pdfTeX warning: /home/jose/texlive/bin/x86_64-linux/pdflatex (file ./figures/ch
apter4/aff/gbm.pdf): PDF inclusion: multiple pdfs with page group included in a
 single page
>] [42]
Chapter 5.
[43

] [44

]
\openout3 = `main.pyg'.

 (./_minted-main/default-pyg-prefix.pygstyle)
(./_minted-main/default.pygstyle)
(./_minted-main/4BC65608FD2763E7C231A03E58CF90C99D188FF14B5B5A34504F2B9625FD44D
E.pygtex
LaTeX Font Info:    Font shape `OT1/cmtt/bx/n' in size <10> not available
(Font)              Font shape `OT1/cmtt/m/n' tried instead on input line 2.
)
\openout3 = `main.pyg'.


(./_minted-main/9F893418F765481B17A6CE89FA4C45BB9D188FF14B5B5A34504F2B9625FD44D
E.pygtex [45])
\openout3 = `main.pyg'.


(./_minted-main/01846CE0AB08FBB5370F551BDD8700E49D188FF14B5B5A34504F2B9625FD44D
E.pygtex [46])
\openout3 = `main.pyg'.


(./_minted-main/69039E575068EBA51D5DDA94862D7B089D188FF14B5B5A34504F2B9625FD44D
E.pygtex [47])
\openout3 = `main.pyg'.


(./_minted-main/C3FEF1F24A4C8C42E29EB147312F79BA9D188FF14B5B5A34504F2B9625FD44D
E.pygtex [48])
\openout3 = `main.pyg'.


(./_minted-main/B5A79309824013F4C4719760E078636C9D188FF14B5B5A34504F2B9625FD44D
E.pygtex)
\openout3 = `main.pyg'.


(./_minted-main/FB8DA0D5E2C7281D9638DECE993988EC9D188FF14B5B5A34504F2B9625FD44D
E.pygtex [49]
Underfull \vbox (badness 7796) has occurred while \output is active []

 [50])
\openout3 = `main.pyg'.


(./_minted-main/E3BFAF37CEF84C55BFC527FF6725FA999D188FF14B5B5A34504F2B9625FD44D
E.pygtex [51])
Package atveryend Info: Empty hook `BeforeClearDocument' on input line 1576.
 [52]
Package atveryend Info: Empty hook `AfterLastShipout' on input line 1576.
 (./main.aux)
Package atveryend Info: Executing hook `AtVeryEndDocument' on input line 1576.
Package atveryend Info: Executing hook `AtEndAfterFileList' on input line 1576.

Package rerunfilecheck Info: File `main.out' has not changed.
(rerunfilecheck)             Checksum: AE27D8E9301473548E36BE7DB4E27AA0;4288.


LaTeX Warning: There were undefined references.

runsystem(rm main.pyg)...executed.

Package atveryend Info: Empty hook `AtVeryVeryEnd' on input line 1576.
 ) 
Here is how much of TeX's memory you used:
 11888 strings out of 493013
 187265 string characters out of 6135623
 319115 words of memory out of 5000000
 14969 multiletter control sequences out of 15000+600000
 17497 words of font info for 65 fonts, out of 8000000 for 9000
 1141 hyphenation exceptions out of 8191
 42i,13n,40p,1239b,561s stack positions out of 5000i,500n,10000p,200000b,80000s
</home/jose/texlive/texmf-dist/fonts/type1/public/amsfonts/cm/cmbsy10.pfb></h
ome/jose/texlive/texmf-dist/fonts/type1/public/amsfonts/cmextra/cmbsy5.pfb></ho
me/jose/texlive/texmf-dist/fonts/type1/public/amsfonts/cmextra/cmbsy7.pfb></hom
e/jose/texlive/texmf-dist/fonts/type1/public/amsfonts/cm/cmbx10.pfb></home/jose
/texlive/texmf-dist/fonts/type1/public/amsfonts/cm/cmbx12.pfb></home/jose/texli
ve/texmf-dist/fonts/type1/public/amsfonts/cm/cmcsc10.pfb></home/jose/texlive/te
xmf-dist/fonts/type1/public/amsfonts/cm/cmex10.pfb></home/jose/texlive/texmf-di
st/fonts/type1/public/amsfonts/cm/cmitt10.pfb></home/jose/texlive/texmf-dist/fo
nts/type1/public/amsfonts/cm/cmmi10.pfb></home/jose/texlive/texmf-dist/fonts/ty
pe1/public/amsfonts/cm/cmmi12.pfb></home/jose/texlive/texmf-dist/fonts/type1/pu
blic/amsfonts/cm/cmmi5.pfb></home/jose/texlive/texmf-dist/fonts/type1/public/am
sfonts/cm/cmmi7.pfb></home/jose/texlive/texmf-dist/fonts/type1/public/amsfonts/
cm/cmmib10.pfb></home/jose/texlive/texmf-dist/fonts/type1/public/amsfonts/cmext
ra/cmmib7.pfb></home/jose/texlive/texmf-dist/fonts/type1/public/amsfonts/cm/cmr
10.pfb></home/jose/texlive/texmf-dist/fonts/type1/public/amsfonts/cm/cmr12.pfb>
</home/jose/texlive/texmf-dist/fonts/type1/public/amsfonts/cm/cmr17.pfb></home/
jose/texlive/texmf-dist/fonts/type1/public/amsfonts/cm/cmr5.pfb></home/jose/tex
live/texmf-dist/fonts/type1/public/amsfonts/cm/cmr7.pfb></home/jose/texlive/tex
mf-dist/fonts/type1/public/amsfonts/cm/cmr8.pfb></home/jose/texlive/texmf-dist/
fonts/type1/public/amsfonts/cm/cmr9.pfb></home/jose/texlive/texmf-dist/fonts/ty
pe1/public/amsfonts/cm/cmsl10.pfb></home/jose/texlive/texmf-dist/fonts/type1/pu
blic/amsfonts/cm/cmss10.pfb></home/jose/texlive/texmf-dist/fonts/type1/public/a
msfonts/cm/cmss12.pfb></home/jose/texlive/texmf-dist/fonts/type1/public/amsfont
s/cm/cmsy10.pfb></home/jose/texlive/texmf-dist/fonts/type1/public/amsfonts/cm/c
msy5.pfb></home/jose/texlive/texmf-dist/fonts/type1/public/amsfonts/cm/cmsy7.pf
b></home/jose/texlive/texmf-dist/fonts/type1/public/amsfonts/cm/cmti10.pfb></ho
me/jose/texlive/texmf-dist/fonts/type1/public/amsfonts/cm/cmtt10.pfb></home/jos
e/texlive/texmf-dist/fonts/type1/public/amsfonts/symbols/msbm10.pfb></home/jose
/texlive/texmf-dist/fonts/type1/public/amsfonts/symbols/msbm7.pfb>
Output written on main.pdf (52 pages, 1513058 bytes).
PDF statistics:
 1596 PDF objects out of 1728 (max. 8388607)
 1092 compressed objects within 11 object streams
 230 named destinations out of 1000 (max. 500000)
 569 words of extra memory for PDF output out of 10000 (max. 10000000)

